<?xml version="1.0" encoding="UTF-8"?>
<!-- Generated by org.testng.reporters.JUnitXMLReporter -->
<testsuite ignored="0" hostname="DESKTOP-79Q8GK8" failures="0" tests="3" name="Default test" time="13.042" errors="0" timestamp="2023-10-29T23:22:00 EET">
  <testcase classname="testPackage.TestClass" name="checkPageTitle" time="0.015"/>
  <testcase classname="testPackage.TestClass" name="checkThatGoogleLogoIsDisplayed" time="0.034"/>
  <testcase classname="testPackage.TestClass" name="checkThatResultStatsIsNotEmpty" time="2.96"/>
</testsuite> <!-- Default test -->
